[2015-11-26 05:36:51] requirements_debian_update_system
requirements_debian_update_system () 
{ 
    __rvm_try_sudo apt-get --quiet --yes update || { 
        \typeset __ret=$?;
        case ${__ret} in 
            100)
                rvm_error "There has been error while updating 'apt-get', please give it some time and try again later.
404 errors should be fixed for rvm to proceed. Check your sources configured in:
    /etc/apt/sources.list
    /etc/apt/sources.list.d/*.list
"
            ;;
        esac;
        return ${__ret}
    }
}
current path: /home/vagrant
PATH=/usr/local/sbin:/usr/local/bin:/usr/sbin:/usr/bin:/sbin:/bin:/usr/games:/usr/local/games:/home/vagrant/.rvm/bin
command(2): requirements_debian_update_system ruby-2.2.3
++ __rvm_try_sudo apt-get --quiet --yes update
++ typeset -a command_to_run
++ typeset sudo_path sbin_path missing_paths
++ command_to_run=("$@")
++ ((  UID == 0  ))
++ case "$rvm_autolibs_flag_number" in
++ is_a_function __rvm_sudo
++ typeset -f __rvm_sudo
++ missing_paths=
++ for sbin_path in /sbin /usr/sbin /usr/local/sbin
++ [[ -d /sbin ]]
++ [[ :/usr/local/sbin:/usr/local/bin:/usr/sbin:/usr/bin:/sbin:/bin:/usr/games:/usr/local/games:/home/vagrant/.rvm/bin: != *\:\/\s\b\i\n\:* ]]
++ for sbin_path in /sbin /usr/sbin /usr/local/sbin
++ [[ -d /usr/sbin ]]
++ [[ :/usr/local/sbin:/usr/local/bin:/usr/sbin:/usr/bin:/sbin:/bin:/usr/games:/usr/local/games:/home/vagrant/.rvm/bin: != *\:\/\u\s\r\/\s\b\i\n\:* ]]
++ for sbin_path in /sbin /usr/sbin /usr/local/sbin
++ [[ -d /usr/local/sbin ]]
++ [[ :/usr/local/sbin:/usr/local/bin:/usr/sbin:/usr/bin:/sbin:/bin:/usr/games:/usr/local/games:/home/vagrant/.rvm/bin: != *\:\/\u\s\r\/\l\o\c\a\l\/\s\b\i\n\:* ]]
++ [[ -n '' ]]
++ command_to_run=(__rvm_sudo -p "%p password required for '$*': " "${command_to_run[@]}")
++ __rvm_sudo -p '%p password required for '\''apt-get --quiet --yes update'\'': ' apt-get --quiet --yes update
++ command sudo -p '%p password required for '\''apt-get --quiet --yes update'\'': ' apt-get --quiet --yes update
++ sudo -p '%p password required for '\''apt-get --quiet --yes update'\'': ' apt-get --quiet --yes update
Hit http://archive.ubuntu.com vivid InRelease
Get:1 http://archive.ubuntu.com vivid-updates InRelease [64.4 kB]
Get:2 http://security.ubuntu.com vivid-security InRelease [64.4 kB]
Get:3 http://archive.ubuntu.com vivid-backports InRelease [64.5 kB]
Hit http://archive.ubuntu.com vivid/main Sources
Hit http://archive.ubuntu.com vivid/restricted Sources
Get:4 http://security.ubuntu.com vivid-security/main Sources [53.4 kB]
Hit http://archive.ubuntu.com vivid/universe Sources
Hit http://archive.ubuntu.com vivid/multiverse Sources
Hit http://archive.ubuntu.com vivid/main amd64 Packages
Get:5 http://security.ubuntu.com vivid-security/restricted Sources [3,418 B]
Hit http://archive.ubuntu.com vivid/restricted amd64 Packages
Hit http://archive.ubuntu.com vivid/universe amd64 Packages
Get:6 http://security.ubuntu.com vivid-security/universe Sources [20.3 kB]
Hit http://archive.ubuntu.com vivid/multiverse amd64 Packages
Hit http://archive.ubuntu.com vivid/main i386 Packages
Get:7 http://security.ubuntu.com vivid-security/multiverse Sources [1,937 B]
Hit http://archive.ubuntu.com vivid/restricted i386 Packages
Get:8 http://security.ubuntu.com vivid-security/main amd64 Packages [160 kB]
Hit http://archive.ubuntu.com vivid/universe i386 Packages
Hit http://archive.ubuntu.com vivid/multiverse i386 Packages
Hit http://archive.ubuntu.com vivid/main Translation-en
Hit http://archive.ubuntu.com vivid/multiverse Translation-en
Hit http://archive.ubuntu.com vivid/restricted Translation-en
Get:9 http://security.ubuntu.com vivid-security/restricted amd64 Packages [11.2 kB]
Hit http://archive.ubuntu.com vivid/universe Translation-en
Get:10 http://archive.ubuntu.com vivid-updates/main Sources [105 kB]
Get:11 http://security.ubuntu.com vivid-security/universe amd64 Packages [66.1 kB]
Get:12 http://archive.ubuntu.com vivid-updates/restricted Sources [4,351 B]
Get:13 http://security.ubuntu.com vivid-security/multiverse amd64 Packages [6,045 B]
Get:14 http://archive.ubuntu.com vivid-updates/universe Sources [47.3 kB]
Get:15 http://security.ubuntu.com vivid-security/main i386 Packages [158 kB]
Get:16 http://archive.ubuntu.com vivid-updates/multiverse Sources [1,937 B]
Get:17 http://archive.ubuntu.com vivid-updates/main amd64 Packages [252 kB]
Get:18 http://security.ubuntu.com vivid-security/restricted i386 Packages [10.9 kB]
Get:19 http://security.ubuntu.com vivid-security/universe i386 Packages [66.1 kB]
Get:20 http://security.ubuntu.com vivid-security/multiverse i386 Packages [6,198 B]
Hit http://security.ubuntu.com vivid-security/main Translation-en
Hit http://security.ubuntu.com vivid-security/multiverse Translation-en
Hit http://security.ubuntu.com vivid-security/restricted Translation-en
Hit http://security.ubuntu.com vivid-security/universe Translation-en
Get:21 http://archive.ubuntu.com vivid-updates/restricted amd64 Packages [13.6 kB]
Get:22 http://archive.ubuntu.com vivid-updates/universe amd64 Packages [126 kB]
Get:23 http://archive.ubuntu.com vivid-updates/multiverse amd64 Packages [6,045 B]
Get:24 http://archive.ubuntu.com vivid-updates/main i386 Packages [250 kB]
Get:25 http://archive.ubuntu.com vivid-updates/restricted i386 Packages [13.3 kB]
Get:26 http://archive.ubuntu.com vivid-updates/universe i386 Packages [127 kB]
Get:27 http://archive.ubuntu.com vivid-updates/multiverse i386 Packages [6,198 B]
Hit http://archive.ubuntu.com vivid-updates/main Translation-en
Hit http://archive.ubuntu.com vivid-updates/multiverse Translation-en
Hit http://archive.ubuntu.com vivid-updates/restricted Translation-en
Hit http://archive.ubuntu.com vivid-updates/universe Translation-en
Get:28 http://archive.ubuntu.com vivid-backports/main Sources [751 B]
Get:29 http://archive.ubuntu.com vivid-backports/restricted Sources [28 B]
Get:30 http://archive.ubuntu.com vivid-backports/universe Sources [5,694 B]
Get:31 http://archive.ubuntu.com vivid-backports/multiverse Sources [28 B]
Get:32 http://archive.ubuntu.com vivid-backports/main amd64 Packages [612 B]
Get:33 http://archive.ubuntu.com vivid-backports/restricted amd64 Packages [28 B]
Get:34 http://archive.ubuntu.com vivid-backports/universe amd64 Packages [4,399 B]
Get:35 http://archive.ubuntu.com vivid-backports/multiverse amd64 Packages [28 B]
Get:36 http://archive.ubuntu.com vivid-backports/main i386 Packages [612 B]
Get:37 http://archive.ubuntu.com vivid-backports/restricted i386 Packages [28 B]
Get:38 http://archive.ubuntu.com vivid-backports/universe i386 Packages [4,381 B]
Get:39 http://archive.ubuntu.com vivid-backports/multiverse i386 Packages [28 B]
Hit http://archive.ubuntu.com vivid-backports/main Translation-en
Hit http://archive.ubuntu.com vivid-backports/multiverse Translation-en
Hit http://archive.ubuntu.com vivid-backports/restricted Translation-en
Hit http://archive.ubuntu.com vivid-backports/universe Translation-en
Fetched 1,726 kB in 39s (44.1 kB/s)
Reading package lists...
